{"level":30,"time":"2026-01-31T19:34:13.487Z","msg":"Setup Complete with crowdinLocale: en"}
{"level":30,"time":"2026-01-31T19:34:14.095Z","msg":"background page reloaded"}
{"level":30,"time":"2026-01-31T19:34:14.095Z","msg":"environment: production"}
{"level":30,"time":"2026-01-31T19:34:14.095Z","msg":"Storage fetch"}
{"level":30,"time":"2026-01-31T19:34:14.097Z","msg":"updateToStorageSchemaVersion1: starting..."}
{"level":30,"time":"2026-01-31T19:34:14.103Z","msg":"[migrateLegacyReduxPersist] no localStorage value for redux-persist"}
{"level":30,"time":"2026-01-31T19:34:14.105Z","msg":"updateToStorageSchemaVersion1: success!"}
{"level":30,"time":"2026-01-31T19:34:14.107Z","msg":"[updater] New version detected: 1.17.7; previous: undefined"}
{"level":30,"time":"2026-01-31T19:34:14.145Z","msg":"refreshAllWrappersMappedValues took 0ms"}
{"level":30,"time":"2026-01-31T19:34:14.145Z","msg":"ConversationController: done with initial fetch in 1ms."}
{"level":30,"time":"2026-01-31T19:34:14.149Z","msg":"Cleanup: starting..."}
{"level":30,"time":"2026-01-31T19:34:14.150Z","msg":"Cleanup: Found 0 messages for cleanup"}
{"level":30,"time":"2026-01-31T19:34:14.150Z","msg":"Cleanup: complete"}
{"level":30,"time":"2026-01-31T19:34:14.150Z","msg":"listening for registration events"}
{"level":30,"time":"2026-01-31T19:34:14.235Z","msg":"updateToStorageSchemaVersion1: starting..."}
{"level":30,"time":"2026-01-31T19:34:14.238Z","msg":"[migrateLegacyReduxPersist] no localStorage value for redux-persist"}
{"level":30,"time":"2026-01-31T19:34:14.240Z","msg":"updateToStorageSchemaVersion1: success!"}
{"level":30,"time":"2026-01-31T19:34:14.241Z","msg":"refreshAllWrappersMappedValues took 0ms"}
{"level":30,"time":"2026-01-31T19:34:14.241Z","msg":"ConversationController: done with initial fetch in 1ms."}
{"level":40,"time":"2026-01-31T19:34:14.241Z","msg":"[snodePool] getSnodePoolFromDBOrFetchFromSeed: not enough snodes in db (undefined), Fetching from seed node instead... "}
{"level":30,"time":"2026-01-31T19:34:14.241Z","msg":"fetchSnodePoolFromSeedNode with seedNodes.length 3"}
{"level":30,"time":"2026-01-31T19:34:14.242Z","msg":"getSnodeListFromSeednode starting..."}
{"level":30,"time":"2026-01-31T19:34:14.242Z","msg":"fetchSnodePoolFromSeedNodeRetryable starting..."}
{"level":30,"time":"2026-01-31T19:34:14.243Z","msg":"getSnodesFromSeedUrl starting with [REDACTED]"}
{"level":30,"time":"2026-01-31T19:34:14.243Z","msg":"getSnodesFromSeedUrl starting with [REDACTED]"}
{"level":30,"time":"2026-01-31T19:34:14.243Z","msg":"getSnodesFromSeedUrl starting with [REDACTED]"}
{"level":30,"time":"2026-01-31T19:34:14.243Z","msg":"insecureNodeFetch => plaintext for getSnodesFromSeedUrl  [REDACTED]"}
{"level":30,"time":"2026-01-31T19:34:14.265Z","msg":"insecureNodeFetch => plaintext for getSnodesFromSeedUrl  [REDACTED]"}
{"level":30,"time":"2026-01-31T19:34:14.266Z","msg":"insecureNodeFetch => plaintext for getSnodesFromSeedUrl  [REDACTED]"}
{"level":30,"time":"2026-01-31T19:34:14.404Z","msg":"seednode checkServerIdentity: seed2.getsession.org"}
{"level":30,"time":"2026-01-31T19:34:14.497Z","msg":"seednode checkServerIdentity: seed1.getsession.org"}
{"level":30,"time":"2026-01-31T19:34:14.626Z","msg":"seednode checkServerIdentity: seed3.getsession.org"}
{"level":30,"time":"2026-01-31T19:34:14.674Z","msg":"SeedNodeAPI::fetchSnodePoolFromSeedNodeWithRetries - Refreshed random snode pool with 1553 snodes"}
{"level":30,"time":"2026-01-31T19:34:14.684Z","msg":"[snodePool] fetchSnodePoolFromSeedNodeWithRetries took 443ms"}
{"level":30,"time":"2026-01-31T19:34:25.135Z","msg":"updateToStorageSchemaVersion1: starting..."}
{"level":30,"time":"2026-01-31T19:34:25.136Z","msg":"[migrateLegacyReduxPersist] no localStorage value for redux-persist"}
{"level":30,"time":"2026-01-31T19:34:25.137Z","msg":"updateToStorageSchemaVersion1: success!"}
{"level":30,"time":"2026-01-31T19:34:25.138Z","msg":"refreshAllWrappersMappedValues took 0ms"}
{"level":30,"time":"2026-01-31T19:34:25.138Z","msg":"ConversationController: done with initial fetch in 1ms."}
{"level":30,"time":"2026-01-31T19:34:25.151Z","msg":"[onboarding] registration done with user provided displayName \"TheRealLegalize\" and pubkey \"[REDACTED]\""}
{"level":30,"time":"2026-01-31T19:34:25.156Z","msg":"initializeLibSessionUtilWrappers alldumpsInDB already:  []"}
{"level":40,"time":"2026-01-31T19:34:25.156Z","msg":"initializeLibSessionUtilWrappers: missingRequiredVariants \"UserConfig\""}
{"level":40,"time":"2026-01-31T19:34:25.162Z","msg":"initializeLibSessionUtilWrappers: missingRequiredVariants \"ContactsConfig\""}
{"level":40,"time":"2026-01-31T19:34:25.168Z","msg":"initializeLibSessionUtilWrappers: missingRequiredVariants \"UserGroupsConfig\""}
{"level":40,"time":"2026-01-31T19:34:25.170Z","msg":"initializeLibSessionUtilWrappers: missingRequiredVariants \"ConvoInfoVolatileConfig\""}
{"level":30,"time":"2026-01-31T19:34:25.195Z","msg":"[onboarding] dispatching registration event"}
{"level":30,"time":"2026-01-31T19:34:25.195Z","msg":"[onboarding] handling registration event"}
{"level":30,"time":"2026-01-31T19:34:25.195Z","msg":"connect"}
{"level":30,"time":"2026-01-31T19:34:25.212Z","msg":"[onionPaths] Must have at least 1 good onion paths, actual: 0, attempt #0"}
{"level":30,"time":"2026-01-31T19:34:25.213Z","msg":"[onionPaths] buildNewOnionPaths - building new onion paths..."}
{"level":40,"time":"2026-01-31T19:34:25.214Z","msg":"SessionSnodeAPI::getGuardNodeOrSelectNewOnes - no guard nodes in DB. Will be selecting new guards nodes..."}
{"level":30,"time":"2026-01-31T19:34:25.214Z","msg":"[onionPaths] selectGuardNodes snodePool length: 1553"}
{"level":30,"time":"2026-01-31T19:34:25.214Z","msg":"[onionPaths] selectGuardNodes attempts: 0"}
{"level":30,"time":"2026-01-31T19:34:25.214Z","msg":"[onionPaths] Testing a candidate guard node (...4e0355)"}
{"level":30,"time":"2026-01-31T19:34:25.214Z","msg":"[onionPaths] insecureNodeFetch => plaintext for testGuardNode: [REDACTED]"}
{"level":30,"time":"2026-01-31T19:34:25.215Z","msg":"[onionPaths] Testing a candidate guard node (...973cab)"}
{"level":30,"time":"2026-01-31T19:34:25.216Z","msg":"[onionPaths] insecureNodeFetch => plaintext for testGuardNode: [REDACTED]"}
{"level":30,"time":"2026-01-31T19:34:25.866Z","msg":"[onionPaths] selectGuardNodes took 652ms"}
{"level":30,"time":"2026-01-31T19:34:25.867Z","msg":"[onionPaths] buildNewOnionPaths, snodePool length: 1553"}
{"level":30,"time":"2026-01-31T19:34:25.873Z","msg":"[onionPaths] Building 2 onion paths based on guard nodes length: 2, other nodes length 1552 "}
{"level":30,"time":"2026-01-31T19:34:25.873Z","msg":"[onionPaths] Built 2 onion paths"}
{"level":30,"time":"2026-01-31T19:34:30.156Z","msg":"those user variants needs push: \"UserConfig\""}
{"level":30,"time":"2026-01-31T19:34:30.913Z","msg":"sendMessagesDataToSnode - Successfully sent requests to (...2c1d5404) via (...703479) (requests: store-(...2c1d5404)-userProfile)"}
{"level":30,"time":"2026-01-31T19:34:32.173Z","msg":"received userConfigMessagesMerged count: 1"}
{"level":30,"time":"2026-01-31T19:34:32.173Z","msg":"handleConfigMessagesViaLibSession of \"1\" messages with libsession"}
{"level":30,"time":"2026-01-31T19:34:38.745Z","msg":"received userConfigMessagesMerged count: 1"}
{"level":30,"time":"2026-01-31T19:34:38.745Z","msg":"handleConfigMessagesViaLibSession of \"1\" messages with libsession"}
{"level":30,"time":"2026-01-31T19:34:44.836Z","msg":"received userConfigMessagesMerged count: 1"}
{"level":30,"time":"2026-01-31T19:34:44.836Z","msg":"handleConfigMessagesViaLibSession of \"1\" messages with libsession"}
{"level":30,"time":"2026-01-31T19:34:58.280Z","msg":"received userConfigMessagesMerged count: 1"}
{"level":30,"time":"2026-01-31T19:34:58.280Z","msg":"handleConfigMessagesViaLibSession of \"1\" messages with libsession"}
{"level":30,"time":"2026-01-31T19:35:25.260Z","msg":"[updater] about to fetchReleaseFromFSAndUpdateMain"}
{"level":30,"time":"2026-01-31T19:35:26.189Z","msg":"[updater] renderer process fetched from the stable release channel on the fileserver: 1.17.7"}
{"level":30,"time":"2026-01-31T19:36:11.956Z","msg":"i18n: userLocaleDashed: 'en', mapping to browser locale: en"}
{"level":30,"time":"2026-01-31T19:36:25.260Z","msg":"[updater] about to fetchReleaseFromFSAndUpdateMain"}
{"level":30,"time":"2026-01-31T19:36:25.260Z","msg":"[updater] fetched release from fs 0 minutes ago, skipping until that's at least 30"}
{"level":30,"time":"2026-01-31T19:37:25.260Z","msg":"[updater] about to fetchReleaseFromFSAndUpdateMain"}
{"level":30,"time":"2026-01-31T19:37:25.260Z","msg":"[updater] fetched release from fs 1 minutes ago, skipping until that's at least 30"}
{"level":30,"time":"2026-01-31T19:37:39.845Z","msg":"a updateOurAvatar was fulfilled with: {\"avatarPointer\":\"[REDACTED]\",\"profileKey\":\"[REDACTED]\"}"}
{"level":30,"time":"2026-01-31T19:37:42.150Z","msg":"those user variants needs push: \"UserConfig\""}
{"level":30,"time":"2026-01-31T19:37:43.053Z","msg":"sendMessagesDataToSnode - Successfully sent requests to (...2c1d5404) via (...161419) (requests: store-(...2c1d5404)-userProfile, delete-us)"}
{"level":50,"time":"2026-01-31T19:37:50.619Z","msg":"insecureNodeFetch {\"message\":\"network timeout at: [REDACTED]\",\"type\":\"request-timeout\"}"}
{"level":40,"time":"2026-01-31T19:37:50.619Z","msg":"sendOnionRequestNoRetries error message:  network timeout at: [REDACTED]"}
{"level":40,"time":"2026-01-31T19:37:50.619Z","msg":"processOnionRequestErrorOnPath httpStatusCode: 8888 ciphertext: "}
{"level":40,"time":"2026-01-31T19:37:50.619Z","msg":"[path] Got status: 8888"}
{"level":30,"time":"2026-01-31T19:37:50.619Z","msg":"[onionPaths] incrementBadPathCountOrDrop starting with guard (...973cab), reason: \"processAnyOtherErrorOnPath: Otherwise we increment the whole path failure count\""}
{"level":30,"time":"2026-01-31T19:37:50.619Z","msg":"[onionPaths] handling bad path for path index1, reason: \"processAnyOtherErrorOnPath: Otherwise we increment the whole path failure count\" "}
{"level":40,"time":"2026-01-31T19:37:50.620Z","msg":"Couldn't reach snode at: (...e7151e); setting his failure count to 1 with reason: (processAnyOtherErrorOnPath: Otherwise we increment the whole path failure count)"}
{"level":40,"time":"2026-01-31T19:37:50.620Z","msg":"Couldn't reach snode at: (...b62968); setting his failure count to 1 with reason: (processAnyOtherErrorOnPath: Otherwise we increment the whole path failure count)"}
{"level":40,"time":"2026-01-31T19:37:50.620Z","msg":"onionFetchRetryable failed  Bad Path handled. Retry this request. Status: 8888"}
{"level":40,"time":"2026-01-31T19:37:50.620Z","msg":"SwarmPolling: pollNodeForKey failed with: Bad Path handled. Retry this request. Status: 8888"}
{"level":30,"time":"2026-01-31T19:37:56.693Z","msg":"received userConfigMessagesMerged count: 1"}
{"level":30,"time":"2026-01-31T19:37:56.693Z","msg":"handleConfigMessagesViaLibSession of \"1\" messages with libsession"}
{"level":50,"time":"2026-01-31T19:38:17.939Z","msg":"insecureNodeFetch {\"message\":\"network timeout at: [REDACTED]\",\"type\":\"request-timeout\"}"}
{"level":40,"time":"2026-01-31T19:38:17.939Z","msg":"sendOnionRequestNoRetries error message:  network timeout at: [REDACTED]"}
{"level":40,"time":"2026-01-31T19:38:17.939Z","msg":"processOnionRequestErrorOnPath httpStatusCode: 8888 ciphertext: "}
{"level":40,"time":"2026-01-31T19:38:17.939Z","msg":"[path] Got status: 8888"}
{"level":30,"time":"2026-01-31T19:38:17.939Z","msg":"[onionPaths] incrementBadPathCountOrDrop starting with guard (...973cab), reason: \"processAnyOtherErrorOnPath: Otherwise we increment the whole path failure count\""}
{"level":30,"time":"2026-01-31T19:38:17.939Z","msg":"[onionPaths] handling bad path for path index1, reason: \"processAnyOtherErrorOnPath: Otherwise we increment the whole path failure count\" "}
{"level":40,"time":"2026-01-31T19:38:17.939Z","msg":"Couldn't reach snode at: (...e7151e); setting his failure count to 2 with reason: (processAnyOtherErrorOnPath: Otherwise we increment the whole path failure count)"}
{"level":40,"time":"2026-01-31T19:38:17.939Z","msg":"Couldn't reach snode at: (...b62968); setting his failure count to 2 with reason: (processAnyOtherErrorOnPath: Otherwise we increment the whole path failure count)"}
{"level":40,"time":"2026-01-31T19:38:17.939Z","msg":"onionFetchRetryable failed  Bad Path handled. Retry this request. Status: 8888"}
{"level":40,"time":"2026-01-31T19:38:17.940Z","msg":"SwarmPolling: pollNodeForKey failed with: Bad Path handled. Retry this request. Status: 8888"}
{"level":30,"time":"2026-01-31T19:38:25.260Z","msg":"[updater] about to fetchReleaseFromFSAndUpdateMain"}
{"level":30,"time":"2026-01-31T19:38:25.260Z","msg":"[updater] fetched release from fs 2 minutes ago, skipping until that's at least 30"}
{"level":30,"time":"2026-01-31T19:38:30.743Z","msg":"received userConfigMessagesMerged count: 1"}
{"level":30,"time":"2026-01-31T19:38:30.743Z","msg":"handleConfigMessagesViaLibSession of \"1\" messages with libsession"}
{"level":30,"time":"2026-01-31T19:38:37.526Z","msg":"received userConfigMessagesMerged count: 1"}
{"level":30,"time":"2026-01-31T19:38:37.526Z","msg":"handleConfigMessagesViaLibSession of \"1\" messages with libsession"}
{"level":30,"time":"2026-01-31T19:38:43.835Z","msg":"received userConfigMessagesMerged count: 1"}
{"level":30,"time":"2026-01-31T19:38:43.836Z","msg":"handleConfigMessagesViaLibSession of \"1\" messages with libsession"}
{"level":30,"time":"2026-01-31T19:39:01.688Z","msg":"received userConfigMessagesMerged count: 1"}
{"level":30,"time":"2026-01-31T19:39:01.689Z","msg":"handleConfigMessagesViaLibSession of \"1\" messages with libsession"}
{"level":30,"time":"2026-01-31T19:39:04.107Z","msg":"destroyExpiredMessages: Loading messages..."}
{"level":30,"time":"2026-01-31T19:39:04.113Z","msg":"destroyExpiredMessages: convosToRefresh: []"}
{"level":30,"time":"2026-01-31T19:39:04.113Z","msg":"destroyExpiredMessages: complete"}
{"level":30,"time":"2026-01-31T19:39:04.115Z","msg":"Loading 0 messages took 0ms to load for convo (...820a5e27)."}
{"level":30,"time":"2026-01-31T19:39:06.151Z","msg":"those user variants needs push: \"ContactsConfig\""}
{"level":30,"time":"2026-01-31T19:39:07.563Z","msg":"sendMessagesDataToSnode - Successfully sent requests to (...2c1d5404) via (...7b0a15) (requests: store-(...2c1d5404)-userContacts)"}
{"level":30,"time":"2026-01-31T19:39:07.769Z","msg":"received userConfigMessagesMerged count: 1"}
{"level":30,"time":"2026-01-31T19:39:07.769Z","msg":"handleConfigMessagesViaLibSession of \"1\" messages with libsession"}
{"level":30,"time":"2026-01-31T19:39:13.530Z","msg":"received userConfigMessagesMerged count: 1"}
{"level":30,"time":"2026-01-31T19:39:13.530Z","msg":"handleConfigMessagesViaLibSession of \"1\" messages with libsession"}
{"level":30,"time":"2026-01-31T19:39:19.275Z","msg":"received userConfigMessagesMerged count: 1"}
{"level":30,"time":"2026-01-31T19:39:19.276Z","msg":"handleConfigMessagesViaLibSession of \"1\" messages with libsession"}
{"level":30,"time":"2026-01-31T19:39:21.519Z","msg":"Sending message to conversation priv:(...820a5e27) with networkTimestamp: 1769888361073"}
{"level":30,"time":"2026-01-31T19:39:21.570Z","msg":"Upload of message data for message msg(ca840602-463a-4dc3-81de-2116b6e7aaba, priv:(...820a5e27), 1769888361073) is finished in 3ms. Attachments: "}
{"level":30,"time":"2026-01-31T19:39:21.577Z","msg":"Loading 1 messages took 1ms to load for convo (...820a5e27)."}
{"level":30,"time":"2026-01-31T19:39:22.154Z","msg":"those user variants needs push: \"ContactsConfig,ConvoInfoVolatileConfig\""}
{"level":30,"time":"2026-01-31T19:39:23.707Z","msg":"sendMessagesDataToSnode - Successfully sent requests to (...2c1d5404) via (...7b0a15) (requests: store-(...2c1d5404)-userContacts, store-(...2c1d5404)-convoVolatile, delete-us)"}
{"level":30,"time":"2026-01-31T19:39:24.378Z","msg":"updated message ca840602-463a-4dc3-81de-2116b6e7aaba with hash: eDYzDbchLchLv7gMMCq73iDvoUfPHW398x9JMHlnNTs"}
{"level":30,"time":"2026-01-31T19:39:24.404Z","msg":"updated message ca840602-463a-4dc3-81de-2116b6e7aaba with hash: 5ERM77NalxC0p0rLpmtufslu0jANZiSEdEvG5uxaw/o"}
{"level":30,"time":"2026-01-31T19:39:25.260Z","msg":"[updater] about to fetchReleaseFromFSAndUpdateMain"}
{"level":30,"time":"2026-01-31T19:39:25.260Z","msg":"[updater] fetched release from fs 3 minutes ago, skipping until that's at least 30"}
{"level":30,"time":"2026-01-31T19:39:25.261Z","msg":"[snodePool] forceRefreshRandomSnodePool: enough snodes to fetch from them, so we try using them 1553"}
{"level":30,"time":"2026-01-31T19:39:28.453Z","msg":"[snodePool] Got consensus: updating snode list with snode pool length: 1553"}
{"level":30,"time":"2026-01-31T19:39:29.151Z","msg":"those user variants needs push: \"ConvoInfoVolatileConfig\""}
{"level":30,"time":"2026-01-31T19:39:29.952Z","msg":"sendMessagesDataToSnode - Successfully sent requests to (...2c1d5404) via (...161419) (requests: store-(...2c1d5404)-convoVolatile, delete-us)"}
{"level":50,"time":"2026-01-31T19:39:34.325Z","msg":"insecureNodeFetch {\"message\":\"network timeout at: [REDACTED]\",\"type\":\"request-timeout\"}"}
{"level":40,"time":"2026-01-31T19:39:34.325Z","msg":"sendOnionRequestNoRetries error message:  network timeout at: [REDACTED]"}
{"level":40,"time":"2026-01-31T19:39:34.325Z","msg":"processOnionRequestErrorOnPath httpStatusCode: 8888 ciphertext: "}
{"level":40,"time":"2026-01-31T19:39:34.325Z","msg":"[path] Got status: 8888"}
{"level":30,"time":"2026-01-31T19:39:34.325Z","msg":"[onionPaths] incrementBadPathCountOrDrop starting with guard (...973cab), reason: \"processAnyOtherErrorOnPath: Otherwise we increment the whole path failure count\""}
{"level":30,"time":"2026-01-31T19:39:34.325Z","msg":"[onionPaths] handling bad path for path index1, reason: \"processAnyOtherErrorOnPath: Otherwise we increment the whole path failure count\" "}
{"level":40,"time":"2026-01-31T19:39:34.325Z","msg":"Couldn't reach snode at: (...e7151e); setting his failure count to 1 with reason: (processAnyOtherErrorOnPath: Otherwise we increment the whole path failure count)"}
{"level":40,"time":"2026-01-31T19:39:34.325Z","msg":"Couldn't reach snode at: (...b62968); setting his failure count to 1 with reason: (processAnyOtherErrorOnPath: Otherwise we increment the whole path failure count)"}
{"level":40,"time":"2026-01-31T19:39:34.325Z","msg":"onionFetchRetryable failed  Bad Path handled. Retry this request. Status: 8888"}
{"level":40,"time":"2026-01-31T19:39:34.325Z","msg":"SwarmPolling: pollNodeForKey failed with: Bad Path handled. Retry this request. Status: 8888"}
{"level":30,"time":"2026-01-31T19:39:34.325Z","msg":"received userConfigMessagesMerged count: 2"}
{"level":30,"time":"2026-01-31T19:39:34.326Z","msg":"handleConfigMessagesViaLibSession of \"2\" messages with libsession"}
{"level":30,"time":"2026-01-31T19:39:40.814Z","msg":"received userConfigMessagesMerged count: 2"}
{"level":30,"time":"2026-01-31T19:39:40.814Z","msg":"handleConfigMessagesViaLibSession of \"2\" messages with libsession"}
{"level":30,"time":"2026-01-31T19:39:46.650Z","msg":"received userConfigMessagesMerged count: 2"}
{"level":30,"time":"2026-01-31T19:39:46.650Z","msg":"handleConfigMessagesViaLibSession of \"2\" messages with libsession"}
{"level":30,"time":"2026-01-31T19:39:52.502Z","msg":"received userConfigMessagesMerged count: 2"}
{"level":30,"time":"2026-01-31T19:39:52.502Z","msg":"handleConfigMessagesViaLibSession of \"2\" messages with libsession"}
{"level":30,"time":"2026-01-31T19:39:52.523Z","msg":"innerHandleSwarmContentMessage"}
{"level":30,"time":"2026-01-31T19:39:52.532Z","msg":"Download v2 file server attachment [REDACTED] [REDACTED]"}
{"level":30,"time":"2026-01-31T19:39:52.961Z","msg":"[profileupdate] about to auto scale avatar for convo (...820a5e27)"}
{"level":30,"time":"2026-01-31T19:39:53.157Z","msg":"those user variants needs push: \"ContactsConfig,ConvoInfoVolatileConfig\""}
{"level":30,"time":"2026-01-31T19:39:54.532Z","msg":"sendMessagesDataToSnode - Successfully sent requests to (...2c1d5404) via (...ade61a) (requests: store-(...2c1d5404)-userContacts, store-(...2c1d5404)-convoVolatile, delete-us)"}
{"level":30,"time":"2026-01-31T19:39:58.531Z","msg":"received userConfigMessagesMerged count: 2"}
{"level":30,"time":"2026-01-31T19:39:58.531Z","msg":"handleConfigMessagesViaLibSession of \"2\" messages with libsession"}
{"level":30,"time":"2026-01-31T19:39:58.560Z","msg":"innerHandleSwarmContentMessage"}
{"level":30,"time":"2026-01-31T19:39:58.560Z","msg":"handleSwarmDataMessage"}
{"level":30,"time":"2026-01-31T19:39:58.560Z","msg":"Handle dataMessage about convo (...820a5e27) from user: (...820a5e27)"}
{"level":30,"time":"2026-01-31T19:39:58.562Z","msg":"Starting handleMessageJob for message msg(082c8978-9dee-4595-a5d1-c65ec8f6f39d, priv:(...820a5e27), 1769888397154), undefined in conversation priv:(...820a5e27), messageHash: J9S90lqFasVm+RFeDI8zPkypenjMeDQQnQc8b2QM2OU"}
{"level":30,"time":"2026-01-31T19:39:58.592Z","msg":"No downloading attachments yet as this user is not trusted for now."}
{"level":30,"time":"2026-01-31T19:40:00.152Z","msg":"those user variants needs push: \"ConvoInfoVolatileConfig\""}
{"level":30,"time":"2026-01-31T19:40:02.857Z","msg":"sendMessagesDataToSnode - Successfully sent requests to (...2c1d5404) via (...7b0a15) (requests: store-(...2c1d5404)-convoVolatile, delete-us)"}
{"level":30,"time":"2026-01-31T19:40:05.898Z","msg":"received userConfigMessagesMerged count: 2"}
{"level":30,"time":"2026-01-31T19:40:05.898Z","msg":"handleConfigMessagesViaLibSession of \"2\" messages with libsession"}
{"level":30,"time":"2026-01-31T19:40:11.927Z","msg":"received userConfigMessagesMerged count: 1"}
{"level":30,"time":"2026-01-31T19:40:11.928Z","msg":"handleConfigMessagesViaLibSession of \"1\" messages with libsession"}
{"level":30,"time":"2026-01-31T19:40:17.728Z","msg":"received userConfigMessagesMerged count: 2"}
{"level":30,"time":"2026-01-31T19:40:17.728Z","msg":"handleConfigMessagesViaLibSession of \"2\" messages with libsession"}
{"level":30,"time":"2026-01-31T19:40:25.078Z","msg":"received userConfigMessagesMerged count: 1"}
{"level":30,"time":"2026-01-31T19:40:25.078Z","msg":"handleConfigMessagesViaLibSession of \"1\" messages with libsession"}
{"level":30,"time":"2026-01-31T19:40:25.094Z","msg":"innerHandleSwarmContentMessage"}
{"level":30,"time":"2026-01-31T19:40:25.095Z","msg":"handleSwarmDataMessage"}
{"level":30,"time":"2026-01-31T19:40:25.095Z","msg":"handleGroupInviteMessage for (...e923ab3e), authorIsApproved:true"}
{"level":30,"time":"2026-01-31T19:40:25.112Z","msg":"SwarmPolling: Swarm addGroupId: adding pubkey (...e923ab3e) to polling"}
{"level":30,"time":"2026-01-31T19:40:25.260Z","msg":"[updater] about to fetchReleaseFromFSAndUpdateMain"}
{"level":30,"time":"2026-01-31T19:40:25.260Z","msg":"[updater] fetched release from fs 4 minutes ago, skipping until that's at least 30"}
{"level":30,"time":"2026-01-31T19:40:28.859Z","msg":"Sending message to conversation priv:(...820a5e27) with networkTimestamp: 1769888427260"}
{"level":30,"time":"2026-01-31T19:40:28.930Z","msg":"Upload of message data for message msg(b6870aab-e24d-49d8-ab19-2dd88b00d4cf, priv:(...820a5e27), 1769888427260) is finished in 3ms. Attachments: "}
{"level":30,"time":"2026-01-31T19:40:28.938Z","msg":"Loading 4 messages took 1ms to load for convo (...820a5e27)."}
{"level":30,"time":"2026-01-31T19:40:29.155Z","msg":"those user variants needs push: \"UserGroupsConfig,ConvoInfoVolatileConfig\""}
{"level":30,"time":"2026-01-31T19:40:29.958Z","msg":"updated message b6870aab-e24d-49d8-ab19-2dd88b00d4cf with hash: HA9sVn4tFUkBXHdu+RYf8p0a8t54D20tJOsMpe6whMA"}
{"level":30,"time":"2026-01-31T19:40:29.982Z","msg":"updated message b6870aab-e24d-49d8-ab19-2dd88b00d4cf with hash: YRmuYsXfKbMMESa+MzOjMas2IoEsL4LR8Da9tZOtmEM"}
{"level":30,"time":"2026-01-31T19:40:30.279Z","msg":"destroyExpiredMessages: Loading messages..."}
{"level":30,"time":"2026-01-31T19:40:30.280Z","msg":"destroyExpiredMessages: convosToRefresh: []"}
{"level":30,"time":"2026-01-31T19:40:30.280Z","msg":"destroyExpiredMessages: complete"}
{"level":30,"time":"2026-01-31T19:40:30.288Z","msg":"Loading 0 messages took 1ms to load for convo (...e923ab3e)."}
{"level":30,"time":"2026-01-31T19:40:30.365Z","msg":"sendMessagesDataToSnode - Successfully sent requests to (...2c1d5404) via (...7b0a15) (requests: store-(...2c1d5404)-userGroups, store-(...2c1d5404)-convoVolatile, delete-us)"}
{"level":30,"time":"2026-01-31T19:40:33.455Z","msg":"received userConfigMessagesMerged count: 2"}
{"level":30,"time":"2026-01-31T19:40:33.455Z","msg":"handleConfigMessagesViaLibSession of \"2\" messages with libsession"}
{"level":30,"time":"2026-01-31T19:40:33.458Z","msg":"we have to leave 0 legacy groups in DB compared to what is in the wrapper"}
{"level":30,"time":"2026-01-31T19:40:33.459Z","msg":"we have to leave 0 03 groups in DB compared to what is in the wrapper []"}
{"level":30,"time":"2026-01-31T19:40:34.314Z","msg":"received groupConfigMessages count: 5 for groupPk:(...e923ab3e)"}
{"level":30,"time":"2026-01-31T19:40:34.315Z","msg":"received keys:3, infos:1, members:1 for groupPk:(...e923ab3e)"}
{"level":30,"time":"2026-01-31T19:40:34.347Z","msg":"Download v2 file server attachment [REDACTED] [REDACTED]"}
{"level":30,"time":"2026-01-31T19:40:34.359Z","msg":"Saved dumps for metagroup (...e923ab3e)"}
{"level":30,"time":"2026-01-31T19:40:34.388Z","msg":"innerHandleSwarmContentMessage"}
{"level":30,"time":"2026-01-31T19:40:34.389Z","msg":"handleSwarmDataMessage"}
{"level":30,"time":"2026-01-31T19:40:34.389Z","msg":"handleGroupMemberChangeMessage for (...e923ab3e)"}
{"level":30,"time":"2026-01-31T19:40:34.794Z","msg":"[profileupdate] about to auto scale avatar for convo (...e3d1f07d)"}
{"level":30,"time":"2026-01-31T19:40:34.838Z","msg":"Download v2 file server attachment [REDACTED] [REDACTED]"}
{"level":30,"time":"2026-01-31T19:40:35.161Z","msg":"[profileupdate] about to auto scale avatar for convo (...76dd2562)"}
{"level":30,"time":"2026-01-31T19:40:36.151Z","msg":"those user variants needs push: \"ConvoInfoVolatileConfig\""}
{"level":30,"time":"2026-01-31T19:40:36.403Z","msg":"sendInviteResponseToGroup for group (...e923ab3e)"}
{"level":30,"time":"2026-01-31T19:40:37.436Z","msg":"sendMessagesDataToSnode - Successfully sent requests to (...2c1d5404) via (...4c31d6) (requests: store-(...2c1d5404)-convoVolatile, delete-us)"}
{"level":30,"time":"2026-01-31T19:40:41.442Z","msg":"received userConfigMessagesMerged count: 3"}
{"level":30,"time":"2026-01-31T19:40:41.443Z","msg":"handleConfigMessagesViaLibSession of \"3\" messages with libsession"}
{"level":30,"time":"2026-01-31T19:40:41.456Z","msg":"we have to leave 0 legacy groups in DB compared to what is in the wrapper"}
{"level":30,"time":"2026-01-31T19:40:41.457Z","msg":"we have to leave 0 03 groups in DB compared to what is in the wrapper []"}
{"level":30,"time":"2026-01-31T19:40:48.858Z","msg":"received groupConfigMessages count: 5 for groupPk:(...e923ab3e)"}
{"level":30,"time":"2026-01-31T19:40:48.858Z","msg":"received keys:3, infos:1, members:1 for groupPk:(...e923ab3e)"}
{"level":30,"time":"2026-01-31T19:40:48.877Z","msg":"Saved dumps for metagroup (...e923ab3e)"}
{"level":30,"time":"2026-01-31T19:40:54.843Z","msg":"received userConfigMessagesMerged count: 2"}
{"level":30,"time":"2026-01-31T19:40:54.843Z","msg":"handleConfigMessagesViaLibSession of \"2\" messages with libsession"}
{"level":30,"time":"2026-01-31T19:40:54.845Z","msg":"we have to leave 0 legacy groups in DB compared to what is in the wrapper"}
{"level":30,"time":"2026-01-31T19:40:54.846Z","msg":"we have to leave 0 03 groups in DB compared to what is in the wrapper []"}
{"level":30,"time":"2026-01-31T19:40:55.142Z","msg":"Adding attachment from clipboard {}"}
{"level":30,"time":"2026-01-31T19:40:56.603Z","msg":"Sending message to conversation group:(...e923ab3e) with networkTimestamp: 1769888456303"}
{"level":30,"time":"2026-01-31T19:40:56.671Z","msg":"Adding attachment padding..."}
{"level":30,"time":"2026-01-31T19:40:56.675Z","msg":"Loading 2 messages took 9ms to load for convo (...e923ab3e)."}
{"level":30,"time":"2026-01-31T19:40:57.472Z","msg":"those user variants needs push: \"ConvoInfoVolatileConfig\""}
{"level":30,"time":"2026-01-31T19:40:58.176Z","msg":"sendMessagesDataToSnode - Successfully sent requests to (...2c1d5404) via (...4c31d6) (requests: store-(...2c1d5404)-convoVolatile, delete-us)"}
{"level":30,"time":"2026-01-31T19:41:00.204Z","msg":"received groupConfigMessages count: 1 for groupPk:(...e923ab3e)"}
{"level":30,"time":"2026-01-31T19:41:00.205Z","msg":"received keys:0, infos:0, members:1 for groupPk:(...e923ab3e)"}
{"level":30,"time":"2026-01-31T19:41:00.249Z","msg":"Saved dumps for metagroup (...e923ab3e)"}
{"level":30,"time":"2026-01-31T19:41:06.215Z","msg":"received groupConfigMessages count: 5 for groupPk:(...e923ab3e)"}
{"level":30,"time":"2026-01-31T19:41:06.215Z","msg":"received keys:3, infos:1, members:1 for groupPk:(...e923ab3e)"}
{"level":30,"time":"2026-01-31T19:41:06.240Z","msg":"Saved dumps for metagroup (...e923ab3e)"}
{"level":30,"time":"2026-01-31T19:41:06.244Z","msg":"innerHandleSwarmContentMessage"}
{"level":30,"time":"2026-01-31T19:41:06.246Z","msg":"handleSwarmDataMessage"}
{"level":30,"time":"2026-01-31T19:41:06.246Z","msg":"Handle dataMessage about convo (...e923ab3e) from user: (...820a5e27)"}
{"level":30,"time":"2026-01-31T19:41:07.619Z","msg":"Upload of message data for message msg(0c502a80-1b9b-4674-9f6a-4c2db496c19a, group:(...e923ab3e), 1769888456303) is finished in 10975ms. Attachments: [REDACTED]"}
{"level":30,"time":"2026-01-31T19:41:07.646Z","msg":"Starting handleMessageJob for message msg(5c357697-f551-4207-911d-a5d131457806, group:(...e923ab3e), 1769888461880), undefined in conversation group:(...e923ab3e), messageHash: 2pVGuQLF8zUZFIoqdQ1oEIYz0lvvA5POBVgE8K0oKH4"}
{"level":40,"time":"2026-01-31T19:41:07.647Z","msg":"We did not found quoted message 1769888065576 with author [REDACTED]."}
{"level":30,"time":"2026-01-31T19:41:09.010Z","msg":"received userConfigMessagesMerged count: 1"}
{"level":30,"time":"2026-01-31T19:41:09.010Z","msg":"handleConfigMessagesViaLibSession of \"1\" messages with libsession"}
{"level":30,"time":"2026-01-31T19:41:09.586Z","msg":"updated message 0c502a80-1b9b-4674-9f6a-4c2db496c19a with hash: pesGJSlWDIK1kVC0AfOuAdXfNSX3iOKLfM9GyvPvjvE"}
{"level":30,"time":"2026-01-31T19:41:10.152Z","msg":"those user variants needs push: \"ConvoInfoVolatileConfig\""}
{"level":30,"time":"2026-01-31T19:41:11.946Z","msg":"sendMessagesDataToSnode - Successfully sent requests to (...2c1d5404) via (...ade61a) (requests: store-(...2c1d5404)-convoVolatile, delete-us)"}
{"level":30,"time":"2026-01-31T19:41:15.195Z","msg":"received userConfigMessagesMerged count: 2"}
{"level":30,"time":"2026-01-31T19:41:15.195Z","msg":"handleConfigMessagesViaLibSession of \"2\" messages with libsession"}
{"level":30,"time":"2026-01-31T19:41:15.198Z","msg":"we have to leave 0 legacy groups in DB compared to what is in the wrapper"}
{"level":30,"time":"2026-01-31T19:41:15.200Z","msg":"we have to leave 0 03 groups in DB compared to what is in the wrapper []"}
{"level":30,"time":"2026-01-31T19:41:20.648Z","msg":"received groupConfigMessages count: 6 for groupPk:(...e923ab3e)"}
{"level":30,"time":"2026-01-31T19:41:20.648Z","msg":"received keys:3, infos:1, members:2 for groupPk:(...e923ab3e)"}
{"level":30,"time":"2026-01-31T19:41:20.687Z","msg":"Saved dumps for metagroup (...e923ab3e)"}
{"level":30,"time":"2026-01-31T19:41:25.260Z","msg":"[updater] about to fetchReleaseFromFSAndUpdateMain"}
{"level":30,"time":"2026-01-31T19:41:25.260Z","msg":"[updater] fetched release from fs 5 minutes ago, skipping until that's at least 30"}
{"level":30,"time":"2026-01-31T19:41:27.412Z","msg":"received userConfigMessagesMerged count: 2"}
{"level":30,"time":"2026-01-31T19:41:27.413Z","msg":"handleConfigMessagesViaLibSession of \"2\" messages with libsession"}
{"level":30,"time":"2026-01-31T19:41:27.418Z","msg":"we have to leave 0 legacy groups in DB compared to what is in the wrapper"}
{"level":30,"time":"2026-01-31T19:41:27.419Z","msg":"we have to leave 0 03 groups in DB compared to what is in the wrapper []"}
{"level":30,"time":"2026-01-31T19:41:27.428Z","msg":"innerHandleSwarmContentMessage"}
{"level":30,"time":"2026-01-31T19:41:27.428Z","msg":"handleSwarmDataMessage"}
{"level":30,"time":"2026-01-31T19:41:27.428Z","msg":"Handle dataMessage about convo (...820a5e27) from user: (...820a5e27)"}
{"level":30,"time":"2026-01-31T19:41:27.434Z","msg":"[REDACTED] added a 😂 reaction"}
{"level":30,"time":"2026-01-31T19:41:31.814Z","msg":"received groupConfigMessages count: 0 for groupPk:(...e923ab3e)"}
{"level":30,"time":"2026-01-31T19:41:31.814Z","msg":"received keys:0, infos:0, members:0 for groupPk:(...e923ab3e)"}
{"level":30,"time":"2026-01-31T19:41:37.810Z","msg":"received userConfigMessagesMerged count: 1"}
{"level":30,"time":"2026-01-31T19:41:37.810Z","msg":"handleConfigMessagesViaLibSession of \"1\" messages with libsession"}
{"level":30,"time":"2026-01-31T19:41:38.465Z","msg":"Sending message to conversation group:(...e923ab3e) with networkTimestamp: 1769888497890"}
{"level":30,"time":"2026-01-31T19:41:38.525Z","msg":"Upload of message data for message msg(cccf0469-e3a6-4c7b-ac6f-bc97474d098f, group:(...e923ab3e), 1769888497890) is finished in 5ms. Attachments: "}
{"level":30,"time":"2026-01-31T19:41:38.533Z","msg":"Loading 4 messages took 1ms to load for convo (...e923ab3e)."}
{"level":30,"time":"2026-01-31T19:41:41.152Z","msg":"those user variants needs push: \"ConvoInfoVolatileConfig\""}
{"level":30,"time":"2026-01-31T19:41:42.921Z","msg":"sendMessagesDataToSnode - Successfully sent requests to (...2c1d5404) via (...161419) (requests: store-(...2c1d5404)-convoVolatile, delete-us)"}
{"level":30,"time":"2026-01-31T19:41:42.995Z","msg":"received groupConfigMessages count: 0 for groupPk:(...e923ab3e)"}
{"level":30,"time":"2026-01-31T19:41:42.995Z","msg":"received keys:0, infos:0, members:0 for groupPk:(...e923ab3e)"}
{"level":30,"time":"2026-01-31T19:41:43.888Z","msg":"updated message cccf0469-e3a6-4c7b-ac6f-bc97474d098f with hash: Dqh3uTITM73cPqEJ0bv79R4JKTx+PCrxJEvoFHC8Fsk"}
{"level":30,"time":"2026-01-31T19:41:45.154Z","msg":"those user variants needs push: \"ConvoInfoVolatileConfig\""}
{"level":30,"time":"2026-01-31T19:41:45.501Z","msg":"data.shutdown: starting process. 0 jobs outstanding"}
{"level":30,"time":"2026-01-31T19:41:45.502Z","msg":"data.shutdown: No outstanding jobs"}
{"level":30,"time":"2026-01-31T19:42:42.039Z","msg":"Setup Complete with crowdinLocale: en"}
{"level":30,"time":"2026-01-31T19:42:42.631Z","msg":"background page reloaded"}
{"level":30,"time":"2026-01-31T19:42:42.631Z","msg":"environment: production"}
{"level":30,"time":"2026-01-31T19:42:42.631Z","msg":"Storage fetch"}
{"level":30,"time":"2026-01-31T19:42:42.642Z","msg":"[updater] New version detected: 1.17.7; previous: undefined"}
{"level":30,"time":"2026-01-31T19:42:42.772Z","msg":"initializeLibSessionUtilWrappers alldumpsInDB already:  [{\"publicKey\":\"[REDACTED]\",\"variant\":\"UserConfig\"},{\"publicKey\":\"[REDACTED]\",\"variant\":\"ContactsConfig\"},{\"publicKey\":\"[REDACTED]\",\"variant\":\"UserGroupsConfig\"},{\"publicKey\":\"032f541ba3297bc77ef749c44c76bf280a95d03f4acea3d58738fcc5cfe923ab3e\",\"variant\":\"MetaGroupConfig-032f541ba3297bc77ef749c44c76bf280a95d03f4acea3d58738fcc5cfe923ab3e\"},{\"publicKey\":\"[REDACTED]\",\"variant\":\"ConvoInfoVolatileConfig\"}]"}
{"level":40,"time":"2026-01-31T19:42:42.775Z","msg":"LibSessionUtil.initializeLibSessionUtilWrappers init OK"}
{"level":30,"time":"2026-01-31T19:42:42.815Z","msg":"refreshAllWrappersMappedValues took 4ms"}
{"level":30,"time":"2026-01-31T19:42:42.815Z","msg":"ConversationController: done with initial fetch in 8ms."}
{"level":50,"time":"2026-01-31T19:42:42.818Z","msg":"Error received from worker job 23 (MetaGroupConfig-032f541ba3297bc77ef749c44c76bf280a95d03f4acea3d58738fcc5cfe923ab3e): GroupWrapper: MetaGroupConfig-032f541ba3297bc77ef749c44c76bf280a95d03f4acea3d58738fcc5cfe923ab3e is not init yet"}
{"level":40,"time":"2026-01-31T19:42:42.818Z","msg":"saveDumpsToDb for group (...e923ab3e) failed with GroupWrapper: MetaGroupConfig-032f541ba3297bc77ef749c44c76bf280a95d03f4acea3d58738fcc5cfe923ab3e is not init yet. This can safely be ignored"}
{"level":50,"time":"2026-01-31T19:42:42.819Z","msg":"Error received from worker job 25 (MetaGroupConfig-032f541ba3297bc77ef749c44c76bf280a95d03f4acea3d58738fcc5cfe923ab3e): GroupWrapper: MetaGroupConfig-032f541ba3297bc77ef749c44c76bf280a95d03f4acea3d58738fcc5cfe923ab3e is not init yet"}
{"level":40,"time":"2026-01-31T19:42:42.819Z","msg":"GroupSyncJob failed with GroupWrapper: MetaGroupConfig-032f541ba3297bc77ef749c44c76bf280a95d03f4acea3d58738fcc5cfe923ab3e is not init yet"}
{"level":30,"time":"2026-01-31T19:42:42.819Z","msg":"id: \"032f541ba3297bc77ef749c44c76bf280a95d03f4acea3d58738fcc5cfe923ab3e\" (type: \"GroupSyncJob\") failed with \"return result was not \"Success\"\""}
{"level":30,"time":"2026-01-31T19:42:42.819Z","msg":"Rescheduling id: \"032f541ba3297bc77ef749c44c76bf280a95d03f4acea3d58738fcc5cfe923ab3e\" (type: \"GroupSyncJob\") in 15000..."}
{"level":30,"time":"2026-01-31T19:42:42.820Z","msg":"those user variants needs push: \"ConvoInfoVolatileConfig\""}
{"level":30,"time":"2026-01-31T19:42:42.826Z","msg":"[onionPaths] Must have at least 1 good onion paths, actual: 0, attempt #0"}
{"level":30,"time":"2026-01-31T19:42:42.826Z","msg":"[onionPaths] buildNewOnionPaths - building new onion paths..."}
{"level":30,"time":"2026-01-31T19:42:42.827Z","msg":"[onionPaths] buildNewOnionPaths, snodePool length: 1553"}
{"level":30,"time":"2026-01-31T19:42:42.833Z","msg":"[onionPaths] Building 2 onion paths based on guard nodes length: 2, other nodes length 1552 "}
{"level":30,"time":"2026-01-31T19:42:42.834Z","msg":"[onionPaths] Built 2 onion paths"}
{"level":30,"time":"2026-01-31T19:42:42.836Z","msg":"Cleanup: starting..."}
{"level":30,"time":"2026-01-31T19:42:42.836Z","msg":"Cleanup: Found 0 messages for cleanup"}
{"level":30,"time":"2026-01-31T19:42:42.836Z","msg":"Cleanup: complete"}
{"level":30,"time":"2026-01-31T19:42:42.836Z","msg":"listening for registration events"}
{"level":30,"time":"2026-01-31T19:42:42.837Z","msg":"connect"}
{"level":30,"time":"2026-01-31T19:42:42.919Z","msg":"i18n: userLocaleDashed: 'en', mapping to browser locale: en"}
{"level":30,"time":"2026-01-31T19:42:43.917Z","msg":"SwarmPolling: Swarm addGroupId: adding pubkey (...e923ab3e) to polling"}
{"level":30,"time":"2026-01-31T19:42:44.179Z","msg":"destroyExpiredMessages: Loading messages..."}
{"level":30,"time":"2026-01-31T19:42:44.180Z","msg":"destroyExpiredMessages: convosToRefresh: []"}
{"level":30,"time":"2026-01-31T19:42:44.180Z","msg":"destroyExpiredMessages: complete"}
{"level":30,"time":"2026-01-31T19:42:44.184Z","msg":"Loading 4 messages took 1ms to load for convo (...820a5e27)."}
{"level":30,"time":"2026-01-31T19:42:45.105Z","msg":"destroyExpiredMessages: Loading messages..."}
{"level":30,"time":"2026-01-31T19:42:45.106Z","msg":"destroyExpiredMessages: convosToRefresh: []"}
{"level":30,"time":"2026-01-31T19:42:45.107Z","msg":"destroyExpiredMessages: complete"}
{"level":30,"time":"2026-01-31T19:42:45.110Z","msg":"Loading 4 messages took 2ms to load for convo (...e923ab3e)."}
{"level":30,"time":"2026-01-31T19:42:46.462Z","msg":"sendMessagesDataToSnode - Successfully sent requests to (...2c1d5404) via (...4c31d6) (requests: store-(...2c1d5404)-convoVolatile, delete-us)"}
{"level":30,"time":"2026-01-31T19:42:49.194Z","msg":"received userConfigMessagesMerged count: 1"}
{"level":30,"time":"2026-01-31T19:42:49.194Z","msg":"handleConfigMessagesViaLibSession of \"1\" messages with libsession"}
{"level":30,"time":"2026-01-31T19:42:49.412Z","msg":"data.shutdown: starting process. 0 jobs outstanding"}
{"level":30,"time":"2026-01-31T19:42:49.412Z","msg":"data.shutdown: No outstanding jobs"}
{"level":30,"time":"2026-01-31T20:02:19.421Z","msg":"Setup Complete with crowdinLocale: en"}
{"level":30,"time":"2026-01-31T20:02:20.011Z","msg":"background page reloaded"}
{"level":30,"time":"2026-01-31T20:02:20.011Z","msg":"environment: production"}
{"level":30,"time":"2026-01-31T20:02:20.012Z","msg":"Storage fetch"}
{"level":30,"time":"2026-01-31T20:02:20.146Z","msg":"initializeLibSessionUtilWrappers alldumpsInDB already:  [{\"publicKey\":\"[REDACTED]\",\"variant\":\"UserConfig\"},{\"publicKey\":\"[REDACTED]\",\"variant\":\"ContactsConfig\"},{\"publicKey\":\"[REDACTED]\",\"variant\":\"UserGroupsConfig\"},{\"publicKey\":\"032f541ba3297bc77ef749c44c76bf280a95d03f4acea3d58738fcc5cfe923ab3e\",\"variant\":\"MetaGroupConfig-032f541ba3297bc77ef749c44c76bf280a95d03f4acea3d58738fcc5cfe923ab3e\"},{\"publicKey\":\"[REDACTED]\",\"variant\":\"ConvoInfoVolatileConfig\"}]"}
{"level":40,"time":"2026-01-31T20:02:20.149Z","msg":"LibSessionUtil.initializeLibSessionUtilWrappers init OK"}
{"level":30,"time":"2026-01-31T20:02:20.189Z","msg":"refreshAllWrappersMappedValues took 3ms"}
{"level":30,"time":"2026-01-31T20:02:20.189Z","msg":"ConversationController: done with initial fetch in 8ms."}
{"level":50,"time":"2026-01-31T20:02:20.192Z","msg":"Error received from worker job 22 (MetaGroupConfig-032f541ba3297bc77ef749c44c76bf280a95d03f4acea3d58738fcc5cfe923ab3e): GroupWrapper: MetaGroupConfig-032f541ba3297bc77ef749c44c76bf280a95d03f4acea3d58738fcc5cfe923ab3e is not init yet"}
{"level":40,"time":"2026-01-31T20:02:20.192Z","msg":"saveDumpsToDb for group (...e923ab3e) failed with GroupWrapper: MetaGroupConfig-032f541ba3297bc77ef749c44c76bf280a95d03f4acea3d58738fcc5cfe923ab3e is not init yet. This can safely be ignored"}
{"level":50,"time":"2026-01-31T20:02:20.193Z","msg":"Error received from worker job 24 (MetaGroupConfig-032f541ba3297bc77ef749c44c76bf280a95d03f4acea3d58738fcc5cfe923ab3e): GroupWrapper: MetaGroupConfig-032f541ba3297bc77ef749c44c76bf280a95d03f4acea3d58738fcc5cfe923ab3e is not init yet"}
{"level":40,"time":"2026-01-31T20:02:20.193Z","msg":"GroupSyncJob failed with GroupWrapper: MetaGroupConfig-032f541ba3297bc77ef749c44c76bf280a95d03f4acea3d58738fcc5cfe923ab3e is not init yet"}
{"level":30,"time":"2026-01-31T20:02:20.193Z","msg":"id: \"032f541ba3297bc77ef749c44c76bf280a95d03f4acea3d58738fcc5cfe923ab3e\" (type: \"GroupSyncJob\") failed with \"return result was not \"Success\"\""}
{"level":30,"time":"2026-01-31T20:02:20.193Z","msg":"Too many failures for id: \"032f541ba3297bc77ef749c44c76bf280a95d03f4acea3d58738fcc5cfe923ab3e\" (type: \"GroupSyncJob\"): 1 out of 2"}
{"level":30,"time":"2026-01-31T20:02:20.197Z","msg":"Cleanup: starting..."}
{"level":30,"time":"2026-01-31T20:02:20.197Z","msg":"Cleanup: Found 0 messages for cleanup"}
{"level":30,"time":"2026-01-31T20:02:20.198Z","msg":"Cleanup: complete"}
{"level":30,"time":"2026-01-31T20:02:20.198Z","msg":"listening for registration events"}
{"level":30,"time":"2026-01-31T20:02:20.198Z","msg":"connect"}
{"level":30,"time":"2026-01-31T20:02:20.210Z","msg":"[onionPaths] Must have at least 1 good onion paths, actual: 0, attempt #0"}
{"level":30,"time":"2026-01-31T20:02:20.210Z","msg":"[onionPaths] buildNewOnionPaths - building new onion paths..."}
{"level":30,"time":"2026-01-31T20:02:20.213Z","msg":"[onionPaths] buildNewOnionPaths, snodePool length: 1553"}
{"level":30,"time":"2026-01-31T20:02:20.220Z","msg":"[onionPaths] Building 2 onion paths based on guard nodes length: 2, other nodes length 1552 "}
{"level":30,"time":"2026-01-31T20:02:20.221Z","msg":"[onionPaths] Built 2 onion paths"}
{"level":30,"time":"2026-01-31T20:02:20.298Z","msg":"i18n: userLocaleDashed: 'en', mapping to browser locale: en"}
{"level":30,"time":"2026-01-31T20:02:21.641Z","msg":"SwarmPolling: Swarm addGroupId: adding pubkey (...e923ab3e) to polling"}
{"level":30,"time":"2026-01-31T20:02:21.991Z","msg":"destroyExpiredMessages: Loading messages..."}
{"level":30,"time":"2026-01-31T20:02:21.993Z","msg":"destroyExpiredMessages: convosToRefresh: []"}
{"level":30,"time":"2026-01-31T20:02:21.993Z","msg":"destroyExpiredMessages: complete"}
{"level":30,"time":"2026-01-31T20:02:22.004Z","msg":"Loading 4 messages took 5ms to load for convo (...e923ab3e)."}
{"level":30,"time":"2026-01-31T20:02:26.439Z","msg":"data.shutdown: starting process. 0 jobs outstanding"}
{"level":30,"time":"2026-01-31T20:02:26.440Z","msg":"data.shutdown: No outstanding jobs"}
