{"level":30,"time":"2026-02-08T07:58:35.639Z","msg":"app ready"}
{"level":30,"time":"2026-02-08T07:58:35.640Z","msg":"starting session-desktop version 1.17.7"}
{"level":30,"time":"2026-02-08T07:58:35.640Z","msg":"Libsession Commit Hash: libsession-util v1.5.8-nogit"}
{"level":30,"time":"2026-02-08T07:58:35.640Z","msg":"Libsession NodeJS Version/Hash: 0.6.7/unknown"}
{"level":30,"time":"2026-02-08T07:58:35.640Z","msg":"Setup Complete with crowdinLocale: en"}
{"level":30,"time":"2026-02-08T07:58:35.640Z","msg":"appLocale is en-US"}
{"level":30,"time":"2026-02-08T07:58:35.640Z","msg":"crowdin locale is en"}
{"level":30,"time":"2026-02-08T07:58:35.640Z","msg":"showing main window"}
{"level":30,"time":"2026-02-08T07:58:35.693Z","msg":"updateSchema:"}
{"level":30,"time":"2026-02-08T07:58:35.694Z","msg":" Current user_version: 11"}
{"level":30,"time":"2026-02-08T07:58:35.694Z","msg":" Most recent db schema: 11"}
{"level":30,"time":"2026-02-08T07:58:35.694Z","msg":" SQLite version: 3.46.1"}
{"level":30,"time":"2026-02-08T07:58:35.694Z","msg":" SQLCipher version: 4.6.1 community"}
{"level":30,"time":"2026-02-08T07:58:35.694Z","msg":" (deprecated) schema_version: 240"}
{"level":30,"time":"2026-02-08T07:58:35.694Z","msg":"updateSessionSchema: Current loki schema version: 52; Most recent schema version: 52;"}
{"level":30,"time":"2026-02-08T07:58:35.701Z","msg":"attachment_downloads count 0"}
{"level":30,"time":"2026-02-08T07:58:35.701Z","msg":"conversations count 5"}
{"level":30,"time":"2026-02-08T07:58:35.701Z","msg":"encryptionKeyPairsForClosedGroupV2 count 0"}
{"level":30,"time":"2026-02-08T07:58:35.701Z","msg":"guardNodes count 2"}
{"level":30,"time":"2026-02-08T07:58:35.702Z","msg":"identityKeys count 0"}
{"level":30,"time":"2026-02-08T07:58:35.702Z","msg":"items count 37"}
{"level":30,"time":"2026-02-08T07:58:35.702Z","msg":"lastHashes count 50"}
{"level":30,"time":"2026-02-08T07:58:35.702Z","msg":"loki_schema count 52"}
{"level":30,"time":"2026-02-08T07:58:35.702Z","msg":"messages count 8"}
{"level":30,"time":"2026-02-08T07:58:35.702Z","msg":"messages_fts count 35"}
{"level":30,"time":"2026-02-08T07:58:35.702Z","msg":"messages_fts_config count 1"}
{"level":30,"time":"2026-02-08T07:58:35.702Z","msg":"messages_fts_content count 35"}
{"level":30,"time":"2026-02-08T07:58:35.702Z","msg":"messages_fts_data count 3"}
{"level":30,"time":"2026-02-08T07:58:35.702Z","msg":"messages_fts_docsize count 35"}
{"level":30,"time":"2026-02-08T07:58:35.702Z","msg":"messages_fts_idx count 1"}
{"level":30,"time":"2026-02-08T07:58:35.702Z","msg":"nodesForPubkey count 3"}
{"level":30,"time":"2026-02-08T07:58:35.702Z","msg":"openGroupRoomsV2 count 0"}
{"level":30,"time":"2026-02-08T07:58:35.702Z","msg":"seenMessages count 32"}
{"level":30,"time":"2026-02-08T07:58:35.702Z","msg":"sqlite_sequence count 2"}
{"level":30,"time":"2026-02-08T07:58:35.702Z","msg":"sqlite_stat1 count 32"}
{"level":30,"time":"2026-02-08T07:58:35.702Z","msg":"sqlite_stat4 count 0"}
{"level":30,"time":"2026-02-08T07:58:35.702Z","msg":"Ensure attachments directory exists"}
{"level":30,"time":"2026-02-08T07:58:35.704Z","msg":"Initializing BrowserWindow config: {\"show\":true,\"minWidth\":880,\"minHeight\":600,\"backgroundColor\":\"#1B1B1B\",\"webPreferences\":{\"nodeIntegration\":true,\"enableRemoteModule\":true,\"nodeIntegrationInWorker\":true,\"contextIsolation\":false,\"preload\":\"[REDACTED]/preload.js\",\"nativeWindowOpen\":true,\"spellcheck\":true,\"backgroundThrottling\":false},\"icon\":\"[REDACTED]/images/session/session_icon.png\",\"maximized\":true,\"autoHideMenuBar\":true,\"width\":1236,\"height\":941,\"x\":0,\"y\":0}"}
{"level":30,"time":"2026-02-08T07:58:35.786Z","msg":"spellcheck: userLocales: C,C,C"}
{"level":30,"time":"2026-02-08T07:58:35.786Z","msg":"spellcheck: user locale: C"}
{"level":30,"time":"2026-02-08T07:58:35.786Z","msg":"spellcheck: available spellchecker languages:  [\"af\",\"bg\",\"ca\",\"cs\",\"cy\",\"da\",\"de\",\"de-DE\",\"el\",\"en\",\"en-AU\",\"en-CA\",\"en-GB\",\"en-GB-oxendict\",\"en-US\",\"es\",\"es-419\",\"es-AR\",\"es-ES\",\"es-MX\",\"es-US\",\"et\",\"fa\",\"fo\",\"fr\",\"fr-FR\",\"he\",\"hi\",\"hr\",\"hu\",\"hy\",\"id\",\"it\",\"it-IT\",\"ko\",\"lt\",\"lv\",\"nb\",\"nl\",\"pl\",\"pt\",\"pt-BR\",\"pt-PT\",\"ro\",\"ru\",\"sh\",\"sk\",\"sl\",\"sq\",\"sr\",\"sv\",\"ta\",\"tg\",\"tr\",\"uk\",\"vi\"]"}
{"level":30,"time":"2026-02-08T07:58:35.786Z","msg":"spellcheck: setting languages to:  []"}
{"level":30,"time":"2026-02-08T07:58:36.427Z","msg":"Updating BrowserWindow config: {\"maximized\":true,\"autoHideMenuBar\":true,\"width\":1256,\"height\":1351,\"x\":0,\"y\":0,\"fullscreen\":false}"}
{"level":30,"time":"2026-02-08T07:58:36.427Z","msg":"config/set: Saving ephemeral config to disk"}
{"level":30,"time":"2026-02-08T07:58:36.427Z","msg":"config/set: Saved ephemeral config to disk"}
{"level":50,"time":"2026-02-08T07:58:36.747Z","msg":"Unhandled Promise Rejection: Error: ERR_FAILED (-2) loading 'file://[REDACTED]/background.html?name=Session&locale=en&version=1.17.7&commitHash=420d4634675168d7b30dcdf85baa83e925bbeebd&environment=production&node_version=20.18.2&hostname=unix&appInstance=&proxyUrl=&appStartInitialSpellcheckSetting=true'\n    at rejectAndCleanup (node:electron/js2c/browser_init:2:77183)\n    at finishListener (node:electron/js2c/browser_init:2:77345)\n    at WebContents.stopLoadingListener (node:electron/js2c/browser_init:2:77732)\n    at WebContents.emit (node:events:530:35)"}
{"level":30,"time":"2026-02-08T08:04:06.111Z","msg":"app ready"}
{"level":30,"time":"2026-02-08T08:04:06.112Z","msg":"starting session-desktop version 1.17.7"}
{"level":30,"time":"2026-02-08T08:04:06.112Z","msg":"Libsession Commit Hash: libsession-util v1.5.8-nogit"}
{"level":30,"time":"2026-02-08T08:04:06.112Z","msg":"Libsession NodeJS Version/Hash: 0.6.7/unknown"}
{"level":30,"time":"2026-02-08T08:04:06.112Z","msg":"Setup Complete with crowdinLocale: en"}
{"level":30,"time":"2026-02-08T08:04:06.112Z","msg":"appLocale is en-US"}
{"level":30,"time":"2026-02-08T08:04:06.112Z","msg":"crowdin locale is en"}
{"level":30,"time":"2026-02-08T08:04:06.112Z","msg":"showing main window"}
{"level":30,"time":"2026-02-08T08:04:06.149Z","msg":"updateSchema:"}
{"level":30,"time":"2026-02-08T08:04:06.149Z","msg":" Current user_version: 11"}
{"level":30,"time":"2026-02-08T08:04:06.149Z","msg":" Most recent db schema: 11"}
{"level":30,"time":"2026-02-08T08:04:06.149Z","msg":" SQLite version: 3.46.1"}
{"level":30,"time":"2026-02-08T08:04:06.149Z","msg":" SQLCipher version: 4.6.1 community"}
{"level":30,"time":"2026-02-08T08:04:06.149Z","msg":" (deprecated) schema_version: 240"}
{"level":30,"time":"2026-02-08T08:04:06.149Z","msg":"updateSessionSchema: Current loki schema version: 52; Most recent schema version: 52;"}
{"level":30,"time":"2026-02-08T08:04:06.161Z","msg":"attachment_downloads count 0"}
{"level":30,"time":"2026-02-08T08:04:06.161Z","msg":"conversations count 5"}
{"level":30,"time":"2026-02-08T08:04:06.161Z","msg":"encryptionKeyPairsForClosedGroupV2 count 0"}
{"level":30,"time":"2026-02-08T08:04:06.161Z","msg":"guardNodes count 2"}
{"level":30,"time":"2026-02-08T08:04:06.161Z","msg":"identityKeys count 0"}
{"level":30,"time":"2026-02-08T08:04:06.161Z","msg":"items count 37"}
{"level":30,"time":"2026-02-08T08:04:06.161Z","msg":"lastHashes count 50"}
{"level":30,"time":"2026-02-08T08:04:06.161Z","msg":"loki_schema count 52"}
{"level":30,"time":"2026-02-08T08:04:06.161Z","msg":"messages count 8"}
{"level":30,"time":"2026-02-08T08:04:06.161Z","msg":"messages_fts count 35"}
{"level":30,"time":"2026-02-08T08:04:06.161Z","msg":"messages_fts_config count 1"}
{"level":30,"time":"2026-02-08T08:04:06.161Z","msg":"messages_fts_content count 35"}
{"level":30,"time":"2026-02-08T08:04:06.161Z","msg":"messages_fts_data count 3"}
{"level":30,"time":"2026-02-08T08:04:06.162Z","msg":"messages_fts_docsize count 35"}
{"level":30,"time":"2026-02-08T08:04:06.162Z","msg":"messages_fts_idx count 1"}
{"level":30,"time":"2026-02-08T08:04:06.162Z","msg":"nodesForPubkey count 3"}
{"level":30,"time":"2026-02-08T08:04:06.162Z","msg":"openGroupRoomsV2 count 0"}
{"level":30,"time":"2026-02-08T08:04:06.162Z","msg":"seenMessages count 32"}
{"level":30,"time":"2026-02-08T08:04:06.162Z","msg":"sqlite_sequence count 2"}
{"level":30,"time":"2026-02-08T08:04:06.162Z","msg":"sqlite_stat1 count 32"}
{"level":30,"time":"2026-02-08T08:04:06.162Z","msg":"sqlite_stat4 count 0"}
{"level":30,"time":"2026-02-08T08:04:06.162Z","msg":"Ensure attachments directory exists"}
{"level":30,"time":"2026-02-08T08:04:06.163Z","msg":"Initializing BrowserWindow config: {\"show\":true,\"minWidth\":880,\"minHeight\":600,\"backgroundColor\":\"#1B1B1B\",\"webPreferences\":{\"nodeIntegration\":true,\"enableRemoteModule\":true,\"nodeIntegrationInWorker\":true,\"contextIsolation\":false,\"preload\":\"[REDACTED]/preload.js\",\"nativeWindowOpen\":true,\"spellcheck\":true,\"backgroundThrottling\":false},\"icon\":\"[REDACTED]/images/session/session_icon.png\",\"maximized\":true,\"autoHideMenuBar\":true,\"width\":1256,\"height\":1351,\"x\":0,\"y\":0}"}
{"level":30,"time":"2026-02-08T08:04:06.243Z","msg":"spellcheck: userLocales: C,C,C"}
{"level":30,"time":"2026-02-08T08:04:06.243Z","msg":"spellcheck: user locale: C"}
{"level":30,"time":"2026-02-08T08:04:06.243Z","msg":"spellcheck: available spellchecker languages:  [\"af\",\"bg\",\"ca\",\"cs\",\"cy\",\"da\",\"de\",\"de-DE\",\"el\",\"en\",\"en-AU\",\"en-CA\",\"en-GB\",\"en-GB-oxendict\",\"en-US\",\"es\",\"es-419\",\"es-AR\",\"es-ES\",\"es-MX\",\"es-US\",\"et\",\"fa\",\"fo\",\"fr\",\"fr-FR\",\"he\",\"hi\",\"hr\",\"hu\",\"hy\",\"id\",\"it\",\"it-IT\",\"ko\",\"lt\",\"lv\",\"nb\",\"nl\",\"pl\",\"pt\",\"pt-BR\",\"pt-PT\",\"ro\",\"ru\",\"sh\",\"sk\",\"sl\",\"sq\",\"sr\",\"sv\",\"ta\",\"tg\",\"tr\",\"uk\",\"vi\"]"}
{"level":30,"time":"2026-02-08T08:04:06.243Z","msg":"spellcheck: setting languages to:  []"}
{"level":30,"time":"2026-02-08T08:04:06.876Z","msg":"Updating BrowserWindow config: {\"maximized\":true,\"autoHideMenuBar\":true,\"width\":1256,\"height\":1351,\"x\":0,\"y\":0,\"fullscreen\":false}"}
{"level":30,"time":"2026-02-08T08:04:06.876Z","msg":"config/set: Saving ephemeral config to disk"}
{"level":30,"time":"2026-02-08T08:04:06.876Z","msg":"config/set: Saved ephemeral config to disk"}
{"level":50,"time":"2026-02-08T08:04:07.065Z","msg":"Unhandled Promise Rejection: Error: ERR_FAILED (-2) loading 'file://[REDACTED]/background.html?name=Session&locale=en&version=1.17.7&commitHash=420d4634675168d7b30dcdf85baa83e925bbeebd&environment=production&node_version=20.18.2&hostname=unix&appInstance=&proxyUrl=&appStartInitialSpellcheckSetting=true'\n    at rejectAndCleanup (node:electron/js2c/browser_init:2:77183)\n    at finishListener (node:electron/js2c/browser_init:2:77345)\n    at WebContents.stopLoadingListener (node:electron/js2c/browser_init:2:77732)\n    at WebContents.emit (node:events:530:35)"}
